2024-03-01 13:18:04.2591 DEBUG Hosting starting
2024-03-01 13:18:04.5168 INFO User profile is available. Using 'C:\Users\91767\AppData\Local\ASP.NET\DataProtection-Keys' as key repository and Windows DPAPI to encrypt keys at rest.
2024-03-01 13:18:05.4849 DEBUG Reading data from file 'C:\Users\91767\AppData\Local\ASP.NET\DataProtection-Keys\key-931bad7e-d755-4fac-ab8f-194fc22b1d43.xml'.
2024-03-01 13:18:05.5143 DEBUG Found key {931bad7e-d755-4fac-ab8f-194fc22b1d43}.
2024-03-01 13:18:05.5435 DEBUG Considering key {931bad7e-d755-4fac-ab8f-194fc22b1d43} with expiration date 2024-05-25 17:14:14Z as default key.
2024-03-01 13:18:05.6482 DEBUG Forwarded activator type request from Microsoft.AspNetCore.DataProtection.XmlEncryption.DpapiXmlDecryptor, Microsoft.AspNetCore.DataProtection, Version=3.1.32.0, Culture=neutral, PublicKeyToken=adb9793829ddae60 to Microsoft.AspNetCore.DataProtection.XmlEncryption.DpapiXmlDecryptor, Microsoft.AspNetCore.DataProtection, Culture=neutral, PublicKeyToken=adb9793829ddae60
2024-03-01 13:18:05.6756 DEBUG Decrypting secret element using Windows DPAPI.
2024-03-01 13:18:05.6756 DEBUG Forwarded activator type request from Microsoft.AspNetCore.DataProtection.AuthenticatedEncryption.ConfigurationModel.AuthenticatedEncryptorDescriptorDeserializer, Microsoft.AspNetCore.DataProtection, Version=3.1.32.0, Culture=neutral, PublicKeyToken=adb9793829ddae60 to Microsoft.AspNetCore.DataProtection.AuthenticatedEncryption.ConfigurationModel.AuthenticatedEncryptorDescriptorDeserializer, Microsoft.AspNetCore.DataProtection, Culture=neutral, PublicKeyToken=adb9793829ddae60
2024-03-01 13:18:05.6850 DEBUG Opening CNG algorithm 'AES' from provider '(null)' with chaining mode CBC.
2024-03-01 13:18:05.6850 DEBUG Opening CNG algorithm 'SHA256' from provider '(null)' with HMAC.
2024-03-01 13:18:05.6998 DEBUG Using key {931bad7e-d755-4fac-ab8f-194fc22b1d43} as the default key.
2024-03-01 13:18:05.6998 DEBUG Key ring with default key {931bad7e-d755-4fac-ab8f-194fc22b1d43} was loaded during application startup.
2024-03-01 13:18:05.7136 DEBUG Starting host: rabbitmq://localhost/
2024-03-01 13:18:05.9624 DEBUG Connect: guest@localhost:5672/
2024-03-01 13:18:06.8011 DEBUG Connected: guest@localhost:5672/ (address: amqp://localhost:5672, local: 57776)
2024-03-01 13:18:07.0668 DEBUG Loaded hosting startup assembly FundoNotes
2024-03-01 13:18:07.0668 DEBUG Loaded hosting startup assembly Microsoft.AspNetCore.Watch.BrowserRefresh
2024-03-01 13:18:07.0668 DEBUG Loaded hosting startup assembly Microsoft.WebTools.BrowserLink.Net
2024-03-01 13:18:07.0668 INFO Application started. Press Ctrl+C to shut down.
2024-03-01 13:18:07.0668 INFO Hosting environment: Development
2024-03-01 13:18:07.0668 INFO Content root path: C:\Users\91767\Desktop\workspace\webApi\FundoNotes\FundoNotes
2024-03-01 13:18:07.0668 DEBUG Hosting started
2024-03-01 13:18:07.1606 INFO Request starting HTTP/2.0 GET https://localhost:44318/swagger/index.html  
2024-03-01 13:18:07.5190 DEBUG Wildcard detected, all requests with hosts will be allowed.
2024-03-01 13:18:07.7752 DEBUG AuthenticationScheme: Bearer was not authenticated.
2024-03-01 13:18:07.9050 DEBUG Response markup is scheduled to include browser refresh script injection.
2024-03-01 13:18:08.0796 DEBUG Response markup was updated to include browser refresh script injection.
2024-03-01 13:18:08.0878 INFO Request finished in 931.3038ms 200 text/html;charset=utf-8
2024-03-01 13:18:08.1973 INFO Request starting HTTP/2.0 GET https://localhost:44318/_framework/aspnetcore-browser-refresh.js  
2024-03-01 13:18:08.1973 INFO Request starting HTTP/2.0 GET https://localhost:44318/_vs/browserLink  
2024-03-01 13:18:08.1973 INFO Request finished in 7.6296ms 200 application/javascript; charset=utf-8
2024-03-01 13:18:08.3340 INFO Request finished in 135.9836ms 200 text/javascript; charset=UTF-8
2024-03-01 13:18:08.7011 INFO Request starting HTTP/2.0 GET https://localhost:44318/swagger/v1/swagger.json  
2024-03-01 13:18:08.7011 DEBUG AuthenticationScheme: Bearer was not authenticated.
2024-03-01 13:18:08.9758 INFO Request finished in 275.3056ms 200 application/json;charset=utf-8
2024-03-01 13:18:35.1643 INFO Request starting HTTP/2.0 POST https://localhost:44318/api/User/reg application/json 77
2024-03-01 13:18:35.1740 DEBUG AuthenticationScheme: Bearer was not authenticated.
2024-03-01 13:18:35.1740 DEBUG POST requests are not supported
2024-03-01 13:18:35.2367 DEBUG 1 candidate(s) found for the request path '/api/User/reg'
2024-03-01 13:18:35.2367 DEBUG Endpoint 'FundoNotes.Controllers.UserController.Register (FundoNotes)' with route pattern 'api/User/reg' is valid for the request path '/api/User/reg'
2024-03-01 13:18:35.2367 DEBUG Request matched endpoint 'FundoNotes.Controllers.UserController.Register (FundoNotes)'
2024-03-01 13:18:35.2367 INFO Executing endpoint 'FundoNotes.Controllers.UserController.Register (FundoNotes)'
2024-03-01 13:18:35.2538 DEBUG Registered model binder providers, in the following order: Microsoft.AspNetCore.Mvc.ModelBinding.Binders.BinderTypeModelBinderProvider, Microsoft.AspNetCore.Mvc.ModelBinding.Binders.ServicesModelBinderProvider, Microsoft.AspNetCore.Mvc.ModelBinding.Binders.BodyModelBinderProvider, Microsoft.AspNetCore.Mvc.ModelBinding.Binders.HeaderModelBinderProvider, Microsoft.AspNetCore.Mvc.ModelBinding.Binders.FloatingPointTypeModelBinderProvider, Microsoft.AspNetCore.Mvc.ModelBinding.Binders.EnumTypeModelBinderProvider, Microsoft.AspNetCore.Mvc.ModelBinding.Binders.SimpleTypeModelBinderProvider, Microsoft.AspNetCore.Mvc.ModelBinding.Binders.CancellationTokenModelBinderProvider, Microsoft.AspNetCore.Mvc.ModelBinding.Binders.ByteArrayModelBinderProvider, Microsoft.AspNetCore.Mvc.ModelBinding.Binders.FormFileModelBinderProvider, Microsoft.AspNetCore.Mvc.ModelBinding.Binders.FormCollectionModelBinderProvider, Microsoft.AspNetCore.Mvc.ModelBinding.Binders.KeyValuePairModelBinderProvider, Microsoft.AspNetCore.Mvc.ModelBinding.Binders.DictionaryModelBinderProvider, Microsoft.AspNetCore.Mvc.ModelBinding.Binders.ArrayModelBinderProvider, Microsoft.AspNetCore.Mvc.ModelBinding.Binders.CollectionModelBinderProvider, Microsoft.AspNetCore.Mvc.ModelBinding.Binders.ComplexTypeModelBinderProvider
2024-03-01 13:18:35.3183 INFO Route matched with {action = "Register", controller = "User"}. Executing controller action with signature Microsoft.AspNetCore.Mvc.ActionResult Register(CommonLayer.RequestModels.RegisterModel) on controller FundoNotes.Controllers.UserController (FundoNotes).
2024-03-01 13:18:35.3183 DEBUG Execution plan of authorization filters (in the following order): None
2024-03-01 13:18:35.3183 DEBUG Execution plan of resource filters (in the following order): None
2024-03-01 13:18:35.3183 DEBUG Execution plan of action filters (in the following order): Microsoft.AspNetCore.Mvc.ModelBinding.UnsupportedContentTypeFilter (Order: -3000), Microsoft.AspNetCore.Mvc.Infrastructure.ModelStateInvalidFilter (Order: -2000)
2024-03-01 13:18:35.3183 DEBUG Execution plan of exception filters (in the following order): None
2024-03-01 13:18:35.3183 DEBUG Execution plan of result filters (in the following order): Microsoft.AspNetCore.Mvc.Infrastructure.ClientErrorResultFilter (Order: -2000)
2024-03-01 13:18:35.3234 DEBUG Executing controller factory for controller FundoNotes.Controllers.UserController (FundoNotes)
2024-03-01 13:18:35.7301 DEBUG An 'IServiceProvider' was created for internal use by Entity Framework.
2024-03-01 13:18:35.8329 DEBUG Executed controller factory for controller FundoNotes.Controllers.UserController (FundoNotes)
2024-03-01 13:18:35.8594 DEBUG Attempting to bind parameter 'model' of type 'CommonLayer.RequestModels.RegisterModel' ...
2024-03-01 13:18:35.8730 DEBUG Attempting to bind parameter 'model' of type 'CommonLayer.RequestModels.RegisterModel' using the name '' in request data ...
2024-03-01 13:18:35.8730 DEBUG Selected input formatter 'Microsoft.AspNetCore.Mvc.Formatters.SystemTextJsonInputFormatter' for content type 'application/json'.
2024-03-01 13:18:35.9111 DEBUG JSON input formatter succeeded, deserializing to type 'CommonLayer.RequestModels.RegisterModel'
2024-03-01 13:18:35.9111 DEBUG Done attempting to bind parameter 'model' of type 'CommonLayer.RequestModels.RegisterModel'.
2024-03-01 13:18:35.9111 DEBUG Done attempting to bind parameter 'model' of type 'CommonLayer.RequestModels.RegisterModel'.
2024-03-01 13:18:35.9111 DEBUG Attempting to validate the bound parameter 'model' of type 'CommonLayer.RequestModels.RegisterModel' ...
2024-03-01 13:18:35.9256 DEBUG Done attempting to validate the bound parameter 'model' of type 'CommonLayer.RequestModels.RegisterModel'.
2024-03-01 13:18:38.1840 INFO Entity Framework Core 3.1.0 initialized 'demoContext' using provider 'Microsoft.EntityFrameworkCore.SqlServer' with options: None
2024-03-01 13:18:38.8025 DEBUG queryContext => new QueryingEnumerable<user>(
    (RelationalQueryContext)queryContext, 
    RelationalCommandCache, 
    null, 
    null, 
    Func<QueryContext, DbDataReader, ResultContext, int[], ResultCoordinator, user>, 
    RepositoryLayer.Context.demoContext, 
    DiagnosticsLogger<Query>
)
    .SingleOrDefault()
2024-03-01 13:18:38.9159 DEBUG Creating DbCommand for 'ExecuteReader'.
2024-03-01 13:18:39.3874 DEBUG Created DbCommand for 'ExecuteReader' (445ms).
2024-03-01 13:18:39.4342 DEBUG Opening connection to database 'Fundonotes_DB' on server 'DESKTOP-99L0V0I'.
2024-03-01 13:18:39.9433 DEBUG Opened connection to database 'Fundonotes_DB' on server 'DESKTOP-99L0V0I'.
2024-03-01 13:18:39.9838 DEBUG Executing DbCommand [Parameters=[@__model_Email_0='?' (Size = 4000)], CommandType='Text', CommandTimeout='30']
SELECT TOP(1) [u].[Id], [u].[Email], [u].[Fname], [u].[Lname], [u].[Password]
FROM [UserTable] AS [u]
WHERE [u].[Email] = @__model_Email_0
2024-03-01 13:18:40.1789 INFO Executed DbCommand (220ms) [Parameters=[@__model_Email_0='?' (Size = 4000)], CommandType='Text', CommandTimeout='30']
SELECT TOP(1) [u].[Id], [u].[Email], [u].[Fname], [u].[Lname], [u].[Password]
FROM [UserTable] AS [u]
WHERE [u].[Email] = @__model_Email_0
2024-03-01 13:18:40.2157 DEBUG A data reader was disposed.
2024-03-01 13:18:40.2157 DEBUG Closing connection to database 'Fundonotes_DB' on server 'DESKTOP-99L0V0I'.
2024-03-01 13:18:40.2467 DEBUG Closed connection to database 'Fundonotes_DB' on server 'DESKTOP-99L0V0I'.
2024-03-01 13:18:41.5113 DEBUG 'demoContext' generated a temporary value for the 'Id' property of new 'user' entity. Consider using 'DbContextOptionsBuilder.EnableSensitiveDataLogging' to see key values.
2024-03-01 13:18:41.6675 DEBUG Context 'demoContext' started tracking 'user' entity. Consider using 'DbContextOptionsBuilder.EnableSensitiveDataLogging' to see key values.
2024-03-01 13:18:41.6675 DEBUG SaveChanges starting for 'demoContext'.
2024-03-01 13:18:41.6675 DEBUG DetectChanges starting for 'demoContext'.
2024-03-01 13:18:41.6943 DEBUG DetectChanges completed for 'demoContext'.
2024-03-01 13:18:41.7147 DEBUG Opening connection to database 'Fundonotes_DB' on server 'DESKTOP-99L0V0I'.
2024-03-01 13:18:41.7147 DEBUG Opened connection to database 'Fundonotes_DB' on server 'DESKTOP-99L0V0I'.
2024-03-01 13:18:41.7147 DEBUG Beginning transaction with isolation level 'Unspecified'.
2024-03-01 13:18:41.7441 DEBUG Began transaction with isolation level 'ReadCommitted'.
2024-03-01 13:18:41.8524 DEBUG Creating DbCommand for 'ExecuteReader'.
2024-03-01 13:18:41.8526 DEBUG Created DbCommand for 'ExecuteReader' (0ms).
2024-03-01 13:18:41.8526 DEBUG Executing DbCommand [Parameters=[@p0='?' (Size = 4000), @p1='?' (Size = 4000), @p2='?' (Size = 4000), @p3='?' (Size = 4000)], CommandType='Text', CommandTimeout='30']
SET NOCOUNT ON;
INSERT INTO [UserTable] ([Email], [Fname], [Lname], [Password])
VALUES (@p0, @p1, @p2, @p3);
SELECT [Id]
FROM [UserTable]
WHERE @@ROWCOUNT = 1 AND [Id] = scope_identity();
2024-03-01 13:18:41.9551 INFO Executed DbCommand (101ms) [Parameters=[@p0='?' (Size = 4000), @p1='?' (Size = 4000), @p2='?' (Size = 4000), @p3='?' (Size = 4000)], CommandType='Text', CommandTimeout='30']
SET NOCOUNT ON;
INSERT INTO [UserTable] ([Email], [Fname], [Lname], [Password])
VALUES (@p0, @p1, @p2, @p3);
SELECT [Id]
FROM [UserTable]
WHERE @@ROWCOUNT = 1 AND [Id] = scope_identity();
2024-03-01 13:18:42.0736 DEBUG Foreign key property 'user.Id' detected as changed. Consider using 'DbContextOptionsBuilder.EnableSensitiveDataLogging' to see property values.
2024-03-01 13:18:42.1075 DEBUG A data reader was disposed.
2024-03-01 13:18:42.1075 DEBUG Committing transaction.
2024-03-01 13:18:42.1259 DEBUG Committing transaction.
2024-03-01 13:18:42.1259 DEBUG Closing connection to database 'Fundonotes_DB' on server 'DESKTOP-99L0V0I'.
2024-03-01 13:18:42.1259 DEBUG Closed connection to database 'Fundonotes_DB' on server 'DESKTOP-99L0V0I'.
2024-03-01 13:18:42.1359 DEBUG Disposing transaction.
2024-03-01 13:18:42.1816 DEBUG An 'user' entity tracked by 'demoContext' changed from 'Added' to 'Unchanged'. Consider using 'DbContextOptionsBuilder.EnableSensitiveDataLogging' to see key values.
2024-03-01 13:18:42.1816 DEBUG SaveChanges completed for 'demoContext' with 1 entities written to the database.
2024-03-01 13:18:42.1816 INFO Register success
2024-03-01 13:18:42.2017 DEBUG List of registered output formatters, in the following order: Microsoft.AspNetCore.Mvc.Formatters.HttpNoContentOutputFormatter, Microsoft.AspNetCore.Mvc.Formatters.StringOutputFormatter, Microsoft.AspNetCore.Mvc.Formatters.StreamOutputFormatter, Microsoft.AspNetCore.Mvc.Formatters.SystemTextJsonOutputFormatter
2024-03-01 13:18:42.2017 DEBUG No information found on request to perform content negotiation.
2024-03-01 13:18:42.2017 DEBUG Attempting to select an output formatter without using a content type as no explicit content types were specified for the response.
2024-03-01 13:18:42.2017 DEBUG Attempting to select the first formatter in the output formatters list which can write the result.
2024-03-01 13:18:42.2125 DEBUG Selected output formatter 'Microsoft.AspNetCore.Mvc.Formatters.SystemTextJsonOutputFormatter' and content type 'application/json' to write the response.
2024-03-01 13:18:42.2125 INFO Executing ObjectResult, writing value of type 'CommonLayer.ResponseModel.ResModel`1[[RepositoryLayer.Entity.user, RepositoryLayer, Version=1.0.0.0, Culture=neutral, PublicKeyToken=null]]'.
2024-03-01 13:18:42.2474 INFO Executed action FundoNotes.Controllers.UserController.Register (FundoNotes) in 6915.4995ms
2024-03-01 13:18:42.2474 INFO Executed endpoint 'FundoNotes.Controllers.UserController.Register (FundoNotes)'
2024-03-01 13:18:42.2474 DEBUG 'demoContext' disposed.
2024-03-01 13:18:42.2604 INFO Request finished in 7096.4763ms 200 application/json; charset=utf-8
